2018-10-29 21:15:39,854- send - INFO - ******************正在执行用例：-----  t_001  ----******************
2018-10-29 21:15:39,854- send - INFO - 请求方式：get, 请求url:http://japi.juhe.cn/qqevaluate/qq
2018-10-29 21:15:39,854- send - INFO - 请求params：{'key': '正确的', 'qq': '283340479'}
2018-10-29 21:15:42,461- send - INFO - 返回的状态码：200
2018-10-29 21:15:42,462- send - INFO - 响应时间：2.5701
2018-10-29 21:15:42,462- send - INFO - 用例测试结果:  t_001---->fail
2018-10-29 21:15:42,511- Test_api - INFO - 返回实际结果为->：
{"resultcode":"101","reason":"KEY ERROR!","result":[],"error_code":10001}
2018-10-29 21:15:42,512- Test_api - INFO - 检查点为->："reason":"successed!"
2018-10-29 21:15:42,557- send - INFO - ******************正在执行用例：-----  t_002  ----******************
2018-10-29 21:15:42,557- send - INFO - 请求方式：get, 请求url:http://japi.juhe.cn/qqevaluate/qq
2018-10-29 21:15:42,557- send - INFO - 请求params：{'key': '错误的', 'qq': '283340479'}
2018-10-29 21:15:42,610- send - INFO - 返回的状态码：200
2018-10-29 21:15:42,610- send - INFO - 响应时间：0.050046
2018-10-29 21:15:42,610- send - INFO - 用例测试结果:  t_002---->pass
2018-10-29 21:15:42,660- Test_api - INFO - 返回实际结果为->：
{"resultcode":"101","reason":"KEY ERROR!","result":[],"error_code":10001}
2018-10-29 21:15:42,660- Test_api - INFO - 检查点为->："reason":"KEY ERROR!"
2018-10-29 21:15:42,662- send - INFO - ******************正在执行用例：-----  t_003  ----******************
2018-10-29 21:15:42,662- send - INFO - 请求方式：get, 请求url:http://v.juhe.cn/weather/index
2018-10-29 21:15:42,662- send - INFO - 请求params：{'cityname': '上海', 'dtype': 'json', 'format': '1', 'key': 'xxx'}
2018-10-29 21:15:42,995- send - INFO - 返回的状态码：200
2018-10-29 21:15:42,995- send - INFO - 响应时间：0.331819
2018-10-29 21:15:42,995- send - INFO - 用例测试结果:  t_003---->fail
2018-10-29 21:15:43,041- Test_api - INFO - 返回实际结果为->：{"resultcode":"101","reason":"错误的请求KEY","result":null,"error_code":10001}
2018-10-29 21:15:43,041- Test_api - INFO - 检查点为->："reason":"successed!"
2018-10-29 21:15:43,042- send - INFO - ******************正在执行用例：-----  t_004  ----******************
2018-10-29 21:15:43,042- send - INFO - 请求方式：post, 请求url:http://192.168.3.239:88/zentao/user-login.html
2018-10-29 21:15:43,042- send - INFO - post请求body的数据类型为：data 
2018-10-29 21:15:43,042- send - INFO - post请求的headers：{'Content-Type': 'application/x-www-form-urlencoded'}
2018-10-29 21:15:43,042- send - INFO - post请求的body内容：{'account': 'admin', 'password': '123456', 'keepLogin[]': 'on', 'referer': ''}
2018-10-29 21:16:04,046- send - INFO - ******************正在执行用例：-----  t_005  ----******************
2018-10-29 21:16:04,047- send - INFO - 请求方式：post, 请求url:https://passport.womai.com/redirect/redirect.do
2018-10-29 21:16:04,047- send - INFO - post请求body的数据类型为：json 
2018-10-29 21:16:04,047- send - INFO - post请求的headers：{'Content-Type': 'application/x-www-form-urlencoded'}
2018-10-29 21:16:04,047- send - INFO - post请求的body内容：{'account': 'admin', 'password': '123456', 'keepLogin[]': 'on', 'referer': ''}
2018-10-29 21:16:04,636- send - INFO - 返回的状态码：200
