2018-10-29 20:35:06,559- send - INFO - ******************正在执行用例：-----  t_001  ----******************
2018-10-29 20:35:06,559- send - INFO - 请求方式：get, 请求url:http://japi.juhe.cn/qqevaluate/qq
2018-10-29 20:35:06,559- send - INFO - 请求params：{'key': '正确的', 'qq': '283340479'}
2018-10-29 20:35:06,673- send - INFO - 返回的状态码：200
2018-10-29 20:35:06,673- send - INFO - 响应时间：0.110039
2018-10-29 20:35:06,673- send - INFO - 用例测试结果:  t_001---->fail
2018-10-29 20:35:06,711- Test_api - INFO - 返回实际结果为->：
{"resultcode":"101","reason":"KEY ERROR!","result":[],"error_code":10001}
2018-10-29 20:35:06,712- Test_api - INFO - 检查点为->："reason":"successed!"
2018-10-29 20:35:06,714- send - INFO - ******************正在执行用例：-----  t_002  ----******************
2018-10-29 20:35:06,714- send - INFO - 请求方式：get, 请求url:http://japi.juhe.cn/qqevaluate/qq
2018-10-29 20:35:06,714- send - INFO - 请求params：{'key': '错误的', 'qq': '283340479'}
2018-10-29 20:35:06,809- send - INFO - 返回的状态码：200
2018-10-29 20:35:06,810- send - INFO - 响应时间：0.093688
2018-10-29 20:35:06,810- send - INFO - 用例测试结果:  t_002---->pass
2018-10-29 20:35:06,852- Test_api - INFO - 返回实际结果为->：
{"resultcode":"101","reason":"KEY ERROR!","result":[],"error_code":10001}
2018-10-29 20:35:06,852- Test_api - INFO - 检查点为->："reason":"KEY ERROR!"
2018-10-29 20:35:06,852- send - INFO - ******************正在执行用例：-----  t_003  ----******************
2018-10-29 20:35:06,852- send - INFO - 请求方式：get, 请求url:http://v.juhe.cn/weather/index
2018-10-29 20:35:06,853- send - INFO - 请求params：{'cityname': '上海', 'dtype': 'json', 'format': '1', 'key': 'xxx'}
2018-10-29 20:35:06,970- send - INFO - 返回的状态码：200
2018-10-29 20:35:06,970- send - INFO - 响应时间：0.115206
2018-10-29 20:35:06,970- send - INFO - 用例测试结果:  t_003---->fail
2018-10-29 20:35:07,007- Test_api - INFO - 返回实际结果为->：{"resultcode":"101","reason":"错误的请求KEY","result":null,"error_code":10001}
2018-10-29 20:35:07,007- Test_api - INFO - 检查点为->："reason":"successed!"
2018-10-29 20:35:07,010- send - INFO - ******************正在执行用例：-----  t_005  ----******************
2018-10-29 20:35:07,010- send - INFO - 请求方式：post, 请求url:
2018-10-29 20:35:07,010- send - INFO - post请求body的数据类型为：None 
2018-10-29 20:35:07,010- send - INFO - post请求的headers：None
2018-10-29 20:35:07,010- send - INFO - post请求的body内容：None
