2018-10-29 20:44:58,121- send - INFO - ******************正在执行用例：-----  t_001  ----******************
2018-10-29 20:44:58,121- send - INFO - 请求方式：get, 请求url:http://japi.juhe.cn/qqevaluate/qq
2018-10-29 20:44:58,121- send - INFO - 请求params：{'key': '正确的', 'qq': '283340479'}
2018-10-29 20:44:58,288- send - INFO - 返回的状态码：200
2018-10-29 20:44:58,288- send - INFO - 响应时间：0.163839
2018-10-29 20:44:58,288- send - INFO - 用例测试结果:  t_001---->fail
2018-10-29 20:44:58,325- Test_api - INFO - 返回实际结果为->：
{"resultcode":"101","reason":"KEY ERROR!","result":[],"error_code":10001}
2018-10-29 20:44:58,326- Test_api - INFO - 检查点为->："reason":"successed!"
2018-10-29 20:44:58,327- send - INFO - ******************正在执行用例：-----  t_002  ----******************
2018-10-29 20:44:58,327- send - INFO - 请求方式：get, 请求url:http://japi.juhe.cn/qqevaluate/qq
2018-10-29 20:44:58,328- send - INFO - 请求params：{'key': '错误的', 'qq': '283340479'}
2018-10-29 20:44:58,382- send - INFO - 返回的状态码：200
2018-10-29 20:44:58,382- send - INFO - 响应时间：0.052053
2018-10-29 20:44:58,382- send - INFO - 用例测试结果:  t_002---->pass
2018-10-29 20:44:58,422- Test_api - INFO - 返回实际结果为->：
{"resultcode":"101","reason":"KEY ERROR!","result":[],"error_code":10001}
2018-10-29 20:44:58,422- Test_api - INFO - 检查点为->："reason":"KEY ERROR!"
2018-10-29 20:44:58,422- send - INFO - ******************正在执行用例：-----  t_003  ----******************
2018-10-29 20:44:58,422- send - INFO - 请求方式：get, 请求url:http://v.juhe.cn/weather/index
2018-10-29 20:44:58,423- send - INFO - 请求params：{'cityname': '上海', 'dtype': 'json', 'format': '1', 'key': 'xxx'}
2018-10-29 20:44:58,535- send - INFO - 返回的状态码：200
2018-10-29 20:44:58,535- send - INFO - 响应时间：0.091339
2018-10-29 20:44:58,535- send - INFO - 用例测试结果:  t_003---->fail
2018-10-29 20:44:58,577- Test_api - INFO - 返回实际结果为->：{"resultcode":"101","reason":"错误的请求KEY","result":null,"error_code":10001}
2018-10-29 20:44:58,578- Test_api - INFO - 检查点为->："reason":"successed!"
2018-10-29 20:44:58,579- send - INFO - ******************正在执行用例：-----  t_005  ----******************
2018-10-29 20:44:58,579- send - INFO - 请求方式：post, 请求url:http://192.168.3.239:88/zentao/user-login.html
2018-10-29 20:44:58,579- send - INFO - post请求body的数据类型为：<module 'json' from 'F:\\python\\lib\\json\\__init__.py'> 
2018-10-29 20:44:58,579- send - INFO - post请求的headers：{'Content-Type': 'application/x-www-form-urlencoded'}
2018-10-29 20:44:58,579- send - INFO - post请求的body内容：{'account': 'admin', 'password': '123456', 'keepLogin[]': 'on', 'referer': ''}
