2018-10-29 20:33:25,246- send - INFO - ******************正在执行用例：-----  t_001  ----******************
2018-10-29 20:33:25,246- send - INFO - 请求方式：get, 请求url:http://japi.juhe.cn/qqevaluate/qq
2018-10-29 20:33:25,246- send - INFO - 请求params：{'key': '正确的', 'qq': '283340479'}
2018-10-29 20:33:25,351- send - INFO - 返回的状态码：200
2018-10-29 20:33:25,351- send - INFO - 响应时间：0.102488
2018-10-29 20:33:25,351- send - INFO - 用例测试结果:  t_001---->fail
2018-10-29 20:33:25,386- Test_api - INFO - 返回实际结果为->：
{"resultcode":"101","reason":"KEY ERROR!","result":[],"error_code":10001}
2018-10-29 20:33:25,386- Test_api - INFO - 检查点为->："reason":"successed!"
2018-10-29 20:33:25,387- send - INFO - ******************正在执行用例：-----  t_002  ----******************
2018-10-29 20:33:25,388- send - INFO - 请求方式：get, 请求url:http://japi.juhe.cn/qqevaluate/qq
2018-10-29 20:33:25,388- send - INFO - 请求params：{'key': '错误的', 'qq': '283340479'}
2018-10-29 20:33:25,445- send - INFO - 返回的状态码：200
2018-10-29 20:33:25,445- send - INFO - 响应时间：0.054741
2018-10-29 20:33:25,445- send - INFO - 用例测试结果:  t_002---->pass
2018-10-29 20:33:25,483- Test_api - INFO - 返回实际结果为->：
{"resultcode":"101","reason":"KEY ERROR!","result":[],"error_code":10001}
2018-10-29 20:33:25,483- Test_api - INFO - 检查点为->："reason":"KEY ERROR!"
2018-10-29 20:33:25,483- send - INFO - ******************正在执行用例：-----  t_003  ----******************
2018-10-29 20:33:25,483- send - INFO - 请求方式：get, 请求url:http://v.juhe.cn/weather/index
2018-10-29 20:33:25,483- send - INFO - 请求params：{'cityname': '上海', 'dtype': 'json', 'format': '1', 'key': 'xxx'}
2018-10-29 20:33:25,575- send - INFO - 返回的状态码：200
2018-10-29 20:33:25,576- send - INFO - 响应时间：0.090972
2018-10-29 20:33:25,576- send - INFO - 用例测试结果:  t_003---->fail
2018-10-29 20:33:25,626- Test_api - INFO - 返回实际结果为->：{"resultcode":"101","reason":"错误的请求KEY","result":null,"error_code":10001}
2018-10-29 20:33:25,626- Test_api - INFO - 检查点为->："reason":"successed!"
